<?xml version="1.0" encoding="UTF-8"?>
<!-- Generated by org.testng.reporters.JUnitReportReporter -->
<testsuite skipped="0" hostname="DESKTOP-GEJ4DBQ" name="testcases.GoogleAPI" tests="1" failures="0" timestamp="23 Jan 2020 14:28:44 GMT" time="5.529" errors="0">
  <testcase name="getAddress" time="5.529" classname="testcases.GoogleAPI"/>
</testsuite> <!-- testcases.GoogleAPI -->
